#
# A fatal error has been detected by the Java Runtime Environment:
#
#  EXCEPTION_ACCESS_VIOLATION (0xc0000005) at pc=0x00007ffd39d075d0, pid=4128, tid=11072
#
# JRE version: OpenJDK Runtime Environment Microsoft-25199 (11.0.12+7) (build 11.0.12+7)
# Java VM: OpenJDK 64-Bit Server VM Microsoft-25199 (11.0.12+7, mixed mode, tiered, compressed oops, g1 gc, windows-amd64)
# Problematic frame:
# V  [jvm.dll+0x4f75d0]
#
# No core dump will be written. Minidumps are not enabled by default on client versions of Windows
#
# If you would like to submit a bug report, please visit:
#   https://github.com/microsoft/openjdk/issues
#

---------------  S U M M A R Y ------------

Command Line: -Xmx1G com.android.tools.r8.D8 --debug --min-api 21 --output obj\Debug\120\android\bin\ --lib C:\Program Files (x86)\Android\android-sdk\platforms\android-31\android.jar obj\Debug\120\android\bin\classes.zip C:\Program Files\Microsoft Visual Studio\2022\Community\Common7\IDE\ReferenceAssemblies\Microsoft\Framework\MonoAndroid\v12.0\mono.android.jar C:\Program Files\Microsoft Visual Studio\2022\Community\MSBuild\Xamarin\Android\java_runtime_fastdev.jar C:\Program Files (x86)\Microsoft\Xamarin\NuGet\xamarin.google.guava.listenablefuture\1.0.0.2\buildTransitive\monoandroid50\guava-listenablefuture.jar C:\Users\Dom\.nuget\packages\xamarin.androidx.annotation\1.2.0.1\buildTransitive\monoandroid90\..\..\jar\androidx.annotation.annotation.jar C:\Users\Dom\.nuget\packages\xamarin.androidx.collection\1.1.0.8\buildTransitive\monoandroid90\..\..\jar\androidx.collection.collection.jar C:\Users\Dom\.nuget\packages\xamarin.androidx.lifecycle.common\2.3.1.1\buildTransitive\monoandroid90\..\..\jar\androidx.lifecycle.lifecycle-common.jar C:\Users\Dom\.nuget\packages\xamarin.androidx.arch.core.common\2.1.0.9\buildTransitive\monoandroid90\..\..\jar\androidx.arch.core.core-common.jar C:\Users\Dom\.nuget\packages\xamarin.androidx.constraintlayout.core\1.0.0\buildTransitive\monoandroid90\..\..\jar\androidx.constraintlayout.constraintlayout-core.jar C:\Users\Dom\.nuget\packages\xamarin.androidx.concurrent.futures\1.1.0.3\buildTransitive\monoandroid90\..\..\jar\androidx.concurrent.concurrent-futures.jar obj\Debug\120\lp\0\jl\formsviewgroup.jar obj\Debug\120\lp\100\jl\classes.jar obj\Debug\120\lp\101\jl\classes.jar obj\Debug\120\lp\103\jl\classes.jar obj\Debug\120\lp\58\jl\classes.jar obj\Debug\120\lp\59\jl\classes.jar obj\Debug\120\lp\60\jl\classes.jar obj\Debug\120\lp\61\jl\classes.jar obj\Debug\120\lp\62\jl\classes.jar obj\Debug\120\lp\63\jl\classes.jar obj\Debug\120\lp\64\jl\classes.jar obj\Debug\120\lp\65\jl\classes.jar obj\Debug\120\lp\66\jl\classes.jar obj\Debug\120\lp\67\jl\classes.jar obj\Debug\120\lp\68\jl\classes.jar obj\Debug\120\lp\69\jl\classes.jar obj\Debug\120\lp\70\jl\classes.jar obj\Debug\120\lp\71\jl\classes.jar obj\Debug\120\lp\72\jl\classes.jar obj\Debug\120\lp\73\jl\classes.jar obj\Debug\120\lp\74\jl\classes.jar obj\Debug\120\lp\75\jl\classes.jar obj\Debug\120\lp\76\jl\classes.jar obj\Debug\120\lp\77\jl\classes.jar obj\Debug\120\lp\78\jl\classes.jar obj\Debug\120\lp\79\jl\classes.jar obj\Debug\120\lp\80\jl\classes.jar obj\Debug\120\lp\81\jl\classes.jar obj\Debug\120\lp\82\jl\classes.jar obj\Debug\120\lp\83\jl\classes.jar obj\Debug\120\lp\84\jl\classes.jar obj\Debug\120\lp\85\jl\classes.jar obj\Debug\120\lp\86\jl\classes.jar obj\Debug\120\lp\87\jl\classes.jar obj\Debug\120\lp\88\jl\classes.jar obj\Debug\120\lp\89\jl\classes.jar obj\Debug\120\lp\90\jl\classes.jar obj\Debug\120\lp\91\jl\classes.jar obj\Debug\120\lp\92\jl\classes.jar obj\Debug\120\lp\93\jl\classes.jar obj\Debug\120\lp\94\jl\classes.jar obj\Debug\120\lp\95\jl\classes.jar obj\Debug\120\lp\96\jl\classes.jar obj\Debug\120\lp\97\jl\classes.jar obj\Debug\120\lp\98\jl\classes.jar obj\Debug\120\lp\99\jl\classes.jar

Host: Intel(R) Core(TM) i7-3520M CPU @ 2.90GHz, 4 cores, 7G,  Windows 10 , 64 bit Build 19041 (10.0.19041.1348)
Time: Tue Jan 11 15:33:04 2022 Central Standard Time elapsed time: 70.910430 seconds (0d 0h 1m 10s)

---------------  T H R E A D  ---------------

Current thread (0x000002243d384800):  JavaThread "ForkJoinPool-1-worker-3" daemon [_thread_in_vm, id=11072, stack(0x0000007695800000,0x0000007695900000)]

Stack: [0x0000007695800000,0x0000007695900000],  sp=0x00000076958fa3a0,  free space=1000k
Native frames: (J=compiled Java code, j=interpreted, Vv=VM code, C=native code)
V  [jvm.dll+0x4f75d0]
V  [jvm.dll+0x4f57d0]
V  [jvm.dll+0x4f6311]
V  [jvm.dll+0x675863]
V  [jvm.dll+0x677038]
V  [jvm.dll+0x6778aa]
C  0x0000022428eab40c

Java frames: (J=compiled Java code, j=interpreted, Vv=VM code)
v  ~RuntimeStub::ic_miss_stub
J 3649 c1 com.android.tools.r8.ir.conversion.o.<init>(Lcom/android/tools/r8/graph/p;Ljava/util/List;Lcom/android/tools/r8/graph/M1;Lcom/android/tools/r8/graph/l0;Lcom/android/tools/r8/v/b/b1;Lcom/android/tools/r8/origin/Origin;Lcom/android/tools/r8/graph/j;)V (236 bytes) @ 0x0000022429d3ebac [0x0000022429d3dca0+0x0000000000000f0c]
J 4244 c1 com.android.tools.r8.graph.p.a(Ljava/util/List;Lcom/android/tools/r8/graph/M1;Lcom/android/tools/r8/graph/M1;Lcom/android/tools/r8/graph/j;Lcom/android/tools/r8/v/b/W0;Lcom/android/tools/r8/v/b/b1;Lcom/android/tools/r8/origin/Origin;Lcom/android/tools/r8/ir/conversion/a0;)Lcom/android/tools/r8/v/b/X; (72 bytes) @ 0x0000022429f01c5c [0x0000022429f017e0+0x000000000000047c]
J 4374 c1 com.android.tools.r8.graph.p.b(Lcom/android/tools/r8/graph/M1;Lcom/android/tools/r8/graph/M1;Lcom/android/tools/r8/graph/j;Lcom/android/tools/r8/v/b/W0;Lcom/android/tools/r8/v/b/b1;Lcom/android/tools/r8/origin/Origin;Lcom/android/tools/r8/ir/conversion/a0;)Lcom/android/tools/r8/v/b/X; (97 bytes) @ 0x0000022429f7926c [0x0000022429f78980+0x00000000000008ec]
J 4243 c1 com.android.tools.r8.graph.h1.a(Lcom/android/tools/r8/graph/M1;Lcom/android/tools/r8/graph/j;Lcom/android/tools/r8/origin/Origin;)Lcom/android/tools/r8/v/b/X; (11 bytes) @ 0x0000022429f0119c [0x0000022429f00cc0+0x00000000000004dc]
J 4373 c1 com.android.tools.r8.ir.conversion.T.a(Lcom/android/tools/r8/graph/M1;Lcom/android/tools/r8/ir/optimize/info/m;Lcom/android/tools/r8/ir/conversion/a0;Lcom/android/tools/r8/ir/conversion/Y;)Lcom/android/tools/r8/utils/q1; (232 bytes) @ 0x0000022429f779e4 [0x0000022429f77320+0x00000000000006c4]
J 4366 c1 com.android.tools.r8.ir.conversion.T.c(Lcom/android/tools/r8/graph/M1;Lcom/android/tools/r8/ir/optimize/info/m;Lcom/android/tools/r8/ir/conversion/a0;Lcom/android/tools/r8/ir/conversion/Y;)Lcom/android/tools/r8/utils/q1; (42 bytes) @ 0x0000022429f74864 [0x0000022429f74100+0x0000000000000764]
J 4231 c1 com.android.tools.r8.ir.conversion.T.a(Lcom/android/tools/r8/graph/M1;)V (565 bytes) @ 0x0000022429ef183c [0x0000022429eee5c0+0x000000000000327c]
J 3976 c1 com.android.tools.r8.ir.conversion.T$$Lambda$219.accept(Ljava/lang/Object;)V (16 bytes) @ 0x0000022429e45e7c [0x0000022429e45aa0+0x00000000000003dc]
J 3975 c1 com.android.tools.r8.graph.n0$$Lambda$221.accept(Ljava/lang/Object;)V (16 bytes) @ 0x0000022429e4556c [0x0000022429e45280+0x00000000000002ec]
J 4225 c1 com.android.tools.r8.graph.t1$$Lambda$224.accept(Ljava/lang/Object;)V (16 bytes) @ 0x0000022429ee931c [0x0000022429ee9000+0x000000000000031c]
J 1431 c1 com.android.tools.r8.graph.u1$$Lambda$65.apply(Ljava/lang/Object;)Ljava/lang/Object; (16 bytes) @ 0x00000224296e2a1c [0x00000224296e2700+0x000000000000031c]
j  com.android.tools.r8.graph.s1.d(Ljava/util/function/Function;)Lcom/android/tools/r8/utils/t1;+22
j  com.android.tools.r8.graph.u1.a(Ljava/util/function/Consumer;Ljava/util/function/Predicate;)V+8
j  com.android.tools.r8.graph.t1.b(Ljava/util/function/Predicate;Ljava/util/function/Consumer;)V+14
j  com.android.tools.r8.graph.n0.b(Ljava/util/function/Predicate;Ljava/util/function/Consumer;)V+12
j  com.android.tools.r8.ir.conversion.T.b(Lcom/android/tools/r8/graph/n0;)V+58
j  com.android.tools.r8.ir.conversion.T$$Lambda$214.accept(Ljava/lang/Object;)V+8
j  com.android.tools.r8.utils.c1.a(Lcom/android/tools/r8/utils/h1;Ljava/lang/Object;I)V+2
j  com.android.tools.r8.utils.c1$$Lambda$86.accept(Ljava/lang/Object;I)V+6
j  com.android.tools.r8.utils.c1.a(Lcom/android/tools/r8/utils/m1;Ljava/lang/Object;I)Ljava/lang/Object;+3
j  com.android.tools.r8.utils.c1$$Lambda$88.a(Ljava/lang/Object;I)Ljava/lang/Object;+6
J 1826 c2 java.util.concurrent.ForkJoinTask.doExec()I java.base@11.0.12 (37 bytes) @ 0x0000022430a53bac [0x0000022430a52320+0x000000000000188c]
j  java.util.concurrent.ForkJoinPool$WorkQueue.topLevelExec(Ljava/util/concurrent/ForkJoinTask;Ljava/util/concurrent/ForkJoinPool$WorkQueue;I)V+12 java.base@11.0.12
j  java.util.concurrent.ForkJoinPool.scan(Ljava/util/concurrent/ForkJoinPool$WorkQueue;I)Z+182 java.base@11.0.12
j  java.util.concurrent.ForkJoinPool.runWorker(Ljava/util/concurrent/ForkJoinPool$WorkQueue;)V+25 java.base@11.0.12
j  java.util.concurrent.ForkJoinWorkerThread.run()V+24 java.base@11.0.12
v  ~StubRoutines::call_stub

siginfo: EXCEPTION_ACCESS_VIOLATION (0xc0000005), reading address 0x0000000000000040


Register to memory mapping:

RIP=0x00007ffd39d075d0 jvm.dll
RAX=0x0000301f76d8e4ab is an unknown value
RBX=0x00000076958fa570 is pointing into the stack for thread: 0x000002243d384800
RCX=0x0000000000000020 is an unknown value
RDX=0x00000076958fa570 is pointing into the stack for thread: 0x000002243d384800
RSP=0x00000076958fa3a0 is pointing into the stack for thread: 0x000002243d384800
RBP=0x00000076958fa4a0 is pointing into the stack for thread: 0x000002243d384800
RSI=0x00000076958fbaa0 is pointing into the stack for thread: 0x000002243d384800
RDI=0x000002243d384800 is a thread
R8 =0x000000010001f570 is a pointer to class: 
java.util.List {0x000000010001f578}
R9 =0x000002243de8c400 points into unknown readable memory: 0x00000000ca3b6de0 | e0 6d 3b ca 00 00 00 00
R10=0x000002243d572200 points into unknown readable memory: 0x0000007800000006 | 06 00 00 00 78 00 00 00
R11={method} {0x000002243cafde98} 'get' '(I)Ljava/lang/Object;' in 'java/util/List'
R12=0x0000000000000001 is an unknown value
R13=0x00000076958fbb70 is pointing into the stack for thread: 0x000002243d384800
R14=0x000000010001f570 is a pointer to class: 
java.util.List {0x000000010001f578}
R15=0x0000000000000020 is an unknown value


Registers:
RAX=0x0000301f76d8e4ab, RBX=0x00000076958fa570, RCX=0x0000000000000020, RDX=0x00000076958fa570
RSP=0x00000076958fa3a0, RBP=0x00000076958fa4a0, RSI=0x00000076958fbaa0, RDI=0x000002243d384800
R8 =0x000000010001f570, R9 =0x000002243de8c400, R10=0x000002243d572200, R11=0x000002243cafde90
R12=0x0000000000000001, R13=0x00000076958fbb70, R14=0x000000010001f570, R15=0x0000000000000020
RIP=0x00007ffd39d075d0, EFLAGS=0x0000000000010206

Top of Stack: (sp=0x00000076958fa3a0)
0x00000076958fa3a0:   000002243cafde90 000002243d384800
0x00000076958fa3b0:   000002243d384800 00000076958fa580
0x00000076958fa3c0:   000002243d384800 00007ffd39ae0e2f
0x00000076958fa3d0:   000002243cafde90 000002243cafde90
0x00000076958fa3e0:   000002243d384800 00007ffd39def4a3
0x00000076958fa3f0:   000002243d374930 000002243c97f760
0x00000076958fa400:   000000003f3cf1a8 000000763f3d0598
0x00000076958fa410:   000002243f3d0598 00007ffd3f3cb5f0
0x00000076958fa420:   000002243f072610 00007ffd39de9f40
0x00000076958fa430:   00000076958fdc00 00000076958fdc04
0x00000076958fa440:   0000022429fc51b0 0000022429fc510e
0x00000076958fa450:   0000301f3f3d1910 00007ffd39de9c05
0x00000076958fa460:   000002243c97f760 000002243c97f790
0x00000076958fa470:   0000022430d581e0 00007ffd39df3da4
0x00000076958fa480:   000002243f39fb38 00007ffd3f3cb240
0x00000076958fa490:   000000763f3cb5a0 000002243d384800 

Instructions: (pc=0x00007ffd39d075d0)
0x00007ffd39d074d0:   8d 54 24 40 48 89 7c 24 30 48 8d 4c 24 50 88 5c
0x00007ffd39d074e0:   24 28 44 8b cb 48 89 6c 24 20 e8 f1 09 00 00 48
0x00007ffd39d074f0:   8d 4c 24 40 e8 c7 68 e4 ff 48 8b 8c 24 d0 00 00
0x00007ffd39d07500:   00 48 39 59 08 74 0c e8 14 36 dd ff bb fc ff ff
0x00007ffd39d07510:   ff eb 07 8b 9c 24 84 00 00 00 48 8d 4c 24 70 e8
0x00007ffd39d07520:   9c 68 e4 ff 48 8d 4c 24 60 e8 92 68 e4 ff 48 8d
0x00007ffd39d07530:   8c 24 d8 00 00 00 e8 e5 2e dd ff 8b c3 48 8b 9c
0x00007ffd39d07540:   24 c0 00 00 00 48 81 c4 a0 00 00 00 5f 5e 5d c3
0x00007ffd39d07550:   40 55 53 56 57 41 54 41 56 41 57 48 8d 6c 24 b0
0x00007ffd39d07560:   48 81 ec 50 01 00 00 48 8b 05 9a 19 56 00 48 33
0x00007ffd39d07570:   c4 48 89 45 40 44 0f b6 a5 b8 00 00 00 4d 8b f0
0x00007ffd39d07580:   4c 8b bd b0 00 00 00 48 8b da 48 8b bd c0 00 00
0x00007ffd39d07590:   00 48 8b f1 45 84 e4 74 2b 4d 85 c9 75 26 4c 89
0x00007ffd39d075a0:   4c 24 20 48 8d 15 f6 55 3d 00 4c 8b 0d 57 bc 5c
0x00007ffd39d075b0:   00 41 b8 a0 05 00 00 48 8b cf e8 b1 32 dd ff e9
0x00007ffd39d075c0:   61 03 00 00 41 8b 48 10 4c 89 ac 24 a8 01 00 00
0x00007ffd39d075d0:   4e 39 34 39 0f 84 c2 00 00 00 83 f9 20 75 13 49
0x00007ffd39d075e0:   8b d6 49 8b cf e8 66 10 fe ff 84 c0 0f 85 aa 00
0x00007ffd39d075f0:   00 00 48 8b b7 78 02 00 00 49 8b ce 48 8b 46 20
0x00007ffd39d07600:   4c 8b 66 10 4c 8b 6e 18 48 89 44 24 50 48 8b 46
0x00007ffd39d07610:   28 48 89 44 24 60 e8 a5 fe fd ff 49 8b cf 48 8b
0x00007ffd39d07620:   d8 e8 9a fe fd ff 4c 8b c8 48 89 5c 24 20 4c 8d
0x00007ffd39d07630:   05 53 01 3b 00 ba c8 00 00 00 48 8d 4c 24 70 e8
0x00007ffd39d07640:   0c 3e f0 ff 4c 8b 0d 3d bc 5c 00 48 8d 44 24 70
0x00007ffd39d07650:   41 b8 aa 05 00 00 48 89 44 24 20 48 8d 15 3e 55
0x00007ffd39d07660:   3d 00 48 8b cf e8 06 32 dd ff 49 83 3c 24 00 74
0x00007ffd39d07670:   15 48 8b 54 24 60 48 8b ce e8 72 b3 bc ff 49 8b
0x00007ffd39d07680:   cc e8 da b2 bc ff 48 8b 44 24 50 48 89 46 20 4c
0x00007ffd39d07690:   89 66 10 4c 89 6e 18 e9 81 02 00 00 48 8b d3 48
0x00007ffd39d076a0:   8d 4c 24 40 e8 27 66 e4 ff 48 8b 0b 8b 41 20 d1
0x00007ffd39d076b0:   e8 a8 01 0f 85 c5 01 00 00 48 8b 49 08 48 89 7c
0x00007ffd39d076c0:   24 28 c7 44 24 20 01 00 00 00 48 8b 51 08 0f b7 


Stack slot to memory mapping:
stack at sp + 0 slots: {method} {0x000002243cafde98} 'get' '(I)Ljava/lang/Object;' in 'java/util/List'
stack at sp + 1 slots: 0x000002243d384800 is a thread
stack at sp + 2 slots: 0x000002243d384800 is a thread
stack at sp + 3 slots: 0x00000076958fa580 is pointing into the stack for thread: 0x000002243d384800
stack at sp + 4 slots: 0x000002243d384800 is a thread
stack at sp + 5 slots: 0x00007ffd39ae0e2f jvm.dll
stack at sp + 6 slots: {method} {0x000002243cafde98} 'get' '(I)Ljava/lang/Object;' in 'java/util/List'
stack at sp + 7 slots: {method} {0x000002243cafde98} 'get' '(I)Ljava/lang/Object;' in 'java/util/List'


---------------  P R O C E S S  ---------------

Threads class SMR info:
_java_thread_list=0x000002243ea412d0, length=13, elements={
0x0000022420749000, 0x000002243c940800, 0x000002243c943800, 0x000002243c94e000,
0x000002243c950800, 0x000002243c951800, 0x000002243c952800, 0x000002243c958800,
0x000002243c95d800, 0x000002243d413800, 0x000002243d384800, 0x000002243d7ed800,
0x0000022440369800
}

Java Threads: ( => current thread )
  0x0000022420749000 JavaThread "main" [_thread_blocked, id=15700, stack(0x0000007694400000,0x0000007694500000)]
  0x000002243c940800 JavaThread "Reference Handler" daemon [_thread_blocked, id=11624, stack(0x0000007694b00000,0x0000007694c00000)]
  0x000002243c943800 JavaThread "Finalizer" daemon [_thread_blocked, id=14108, stack(0x0000007694c00000,0x0000007694d00000)]
  0x000002243c94e000 JavaThread "Signal Dispatcher" daemon [_thread_blocked, id=2872, stack(0x0000007694d00000,0x0000007694e00000)]
  0x000002243c950800 JavaThread "Attach Listener" daemon [_thread_blocked, id=19764, stack(0x0000007694e00000,0x0000007694f00000)]
  0x000002243c951800 JavaThread "Service Thread" daemon [_thread_blocked, id=13612, stack(0x0000007694f00000,0x0000007695000000)]
  0x000002243c952800 JavaThread "C2 CompilerThread0" daemon [_thread_blocked, id=3700, stack(0x0000007695000000,0x0000007695100000)]
  0x000002243c958800 JavaThread "C1 CompilerThread0" daemon [_thread_blocked, id=16064, stack(0x0000007695100000,0x0000007695200000)]
  0x000002243c95d800 JavaThread "Sweeper thread" daemon [_thread_blocked, id=19580, stack(0x0000007695200000,0x0000007695300000)]
  0x000002243d413800 JavaThread "Common-Cleaner" daemon [_thread_blocked, id=15992, stack(0x0000007695400000,0x0000007695500000)]
=>0x000002243d384800 JavaThread "ForkJoinPool-1-worker-3" daemon [_thread_in_vm, id=11072, stack(0x0000007695800000,0x0000007695900000)]
  0x000002243d7ed800 JavaThread "ForkJoinPool-1-worker-1" daemon [_thread_blocked, id=14076, stack(0x0000007695900000,0x0000007695a00000)]
  0x0000022440369800 JavaThread "C2 CompilerThread1" daemon [_thread_blocked, id=11416, stack(0x0000007695c00000,0x0000007695d00000)]

Other Threads:
  0x000002243c92d000 VMThread "VM Thread" [stack: 0x0000007694a00000,0x0000007694b00000] [id=13360]
  0x000002243d406800 WatcherThread [stack: 0x0000007695300000,0x0000007695400000] [id=15484]
  0x0000022420761800 GCTaskThread "GC Thread#0" [stack: 0x0000007694500000,0x0000007694600000] [id=16768]
  0x000002243dbc6000 GCTaskThread "GC Thread#1" [stack: 0x0000007695500000,0x0000007695600000] [id=15332]
  0x000002243d7d5800 GCTaskThread "GC Thread#2" [stack: 0x0000007695600000,0x0000007695700000] [id=12968]
  0x000002243eb84800 GCTaskThread "GC Thread#3" [stack: 0x0000007695b00000,0x0000007695c00000] [id=20276]
  0x000002242077d000 ConcurrentGCThread "G1 Main Marker" [stack: 0x0000007694600000,0x0000007694700000] [id=11912]
  0x000002242077e000 ConcurrentGCThread "G1 Conc#0" [stack: 0x0000007694700000,0x0000007694800000] [id=20344]
  0x0000022420808000 ConcurrentGCThread "G1 Refine#0" [stack: 0x0000007694800000,0x0000007694900000] [id=15764]
  0x000002243d736800 ConcurrentGCThread "G1 Refine#1" [stack: 0x0000007695700000,0x0000007695800000] [id=14648]
  0x000002243d7f0000 ConcurrentGCThread "G1 Refine#2" [stack: 0x0000007695a00000,0x0000007695b00000] [id=13244]
  0x000002242080a000 ConcurrentGCThread "G1 Young RemSet Sampling" [stack: 0x0000007694900000,0x0000007694a00000] [id=10136]

Threads with active compile tasks:
C2 CompilerThread0  71944 4579       4       com.android.tools.r8.ir.regalloc.a::a (4001 bytes)
C2 CompilerThread1  71945 4601       4       com.android.tools.r8.ir.optimize.Z::a (583 bytes)

VM state:synchronizing (normal execution)

VM Mutex/Monitor currently owned by a thread:  ([mutex/lock_event])
[0x0000022420744790] Threads_lock - owner thread: 0x000002243c92d000

Heap address: 0x00000000c0000000, size: 1024 MB, Compressed Oops mode: 32-bit
Narrow klass base: 0x0000000000000000, Narrow klass shift: 3
Compressed class space size: 1073741824 Address: 0x0000000100000000

Heap:
 garbage-first heap   total 171008K, used 94087K [0x00000000c0000000, 0x0000000100000000)
  region size 1024K, 6 young (6144K), 2 survivors (2048K)
 Metaspace       used 20424K, capacity 20887K, committed 21120K, reserved 1069056K
  class space    used 2183K, capacity 2376K, committed 2432K, reserved 1048576K
Heap Regions: E=young(eden), S=young(survivor), O=old, HS=humongous(starts), HC=humongous(continues), CS=collection set, F=free, A=archive, TAMS=top-at-mark-start (previous, next)
|   0|0x00000000c0000000, 0x00000000c0100000, 0x00000000c0100000|100%| O|  |TAMS 0x00000000c0100000, 0x00000000c0000000| Untracked 
|   1|0x00000000c0100000, 0x00000000c0200000, 0x00000000c0200000|100%| O|  |TAMS 0x00000000c0200000, 0x00000000c0100000| Untracked 
|   2|0x00000000c0200000, 0x00000000c0300000, 0x00000000c0300000|100%|HS|  |TAMS 0x00000000c0300000, 0x00000000c0200000| Complete 
|   3|0x00000000c0300000, 0x00000000c0400000, 0x00000000c0400000|100%|HC|  |TAMS 0x00000000c0400000, 0x00000000c0300000| Complete 
|   4|0x00000000c0400000, 0x00000000c0500000, 0x00000000c0500000|100%| O|  |TAMS 0x00000000c0500000, 0x00000000c0400000| Untracked 
|   5|0x00000000c0500000, 0x00000000c0600000, 0x00000000c0600000|100%| O|  |TAMS 0x00000000c0600000, 0x00000000c0500000| Complete 
|   6|0x00000000c0600000, 0x00000000c0600000, 0x00000000c0700000|  0%| F|  |TAMS 0x00000000c0600000, 0x00000000c0600000| Untracked 
|   7|0x00000000c0700000, 0x00000000c0700000, 0x00000000c0800000|  0%| F|  |TAMS 0x00000000c0700000, 0x00000000c0700000| Untracked 
|   8|0x00000000c0800000, 0x00000000c0800000, 0x00000000c0900000|  0%| F|  |TAMS 0x00000000c0800000, 0x00000000c0800000| Untracked 
|   9|0x00000000c0900000, 0x00000000c0a00000, 0x00000000c0a00000|100%| O|  |TAMS 0x00000000c0a00000, 0x00000000c0900000| Complete 
|  10|0x00000000c0a00000, 0x00000000c0a00000, 0x00000000c0b00000|  0%| F|  |TAMS 0x00000000c0a00000, 0x00000000c0a00000| Untracked 
|  11|0x00000000c0b00000, 0x00000000c0b00000, 0x00000000c0c00000|  0%| F|  |TAMS 0x00000000c0b00000, 0x00000000c0b00000| Untracked 
|  12|0x00000000c0c00000, 0x00000000c0d00000, 0x00000000c0d00000|100%| O|  |TAMS 0x00000000c0d00000, 0x00000000c0c00000| Complete 
|  13|0x00000000c0d00000, 0x00000000c0d00000, 0x00000000c0e00000|  0%| F|  |TAMS 0x00000000c0d00000, 0x00000000c0d00000| Untracked 
|  14|0x00000000c0e00000, 0x00000000c0f00000, 0x00000000c0f00000|100%| O|  |TAMS 0x00000000c0f00000, 0x00000000c0e00000| Complete 
|  15|0x00000000c0f00000, 0x00000000c0f00000, 0x00000000c1000000|  0%| F|  |TAMS 0x00000000c0f00000, 0x00000000c0f00000| Untracked 
|  16|0x00000000c1000000, 0x00000000c1000000, 0x00000000c1100000|  0%| F|  |TAMS 0x00000000c1000000, 0x00000000c1000000| Untracked 
|  17|0x00000000c1100000, 0x00000000c1100000, 0x00000000c1200000|  0%| F|  |TAMS 0x00000000c1100000, 0x00000000c1100000| Untracked 
|  18|0x00000000c1200000, 0x00000000c1300000, 0x00000000c1300000|100%| O|  |TAMS 0x00000000c1300000, 0x00000000c1200000| Complete 
|  19|0x00000000c1300000, 0x00000000c1400000, 0x00000000c1400000|100%| O|  |TAMS 0x00000000c1400000, 0x00000000c1300000| Complete 
|  20|0x00000000c1400000, 0x00000000c1500000, 0x00000000c1500000|100%| O|  |TAMS 0x00000000c1500000, 0x00000000c1400000| Complete 
|  21|0x00000000c1500000, 0x00000000c1600000, 0x00000000c1600000|100%| O|  |TAMS 0x00000000c1600000, 0x00000000c1500000| Untracked 
|  22|0x00000000c1600000, 0x00000000c1700000, 0x00000000c1700000|100%| O|  |TAMS 0x00000000c1700000, 0x00000000c1600000| Complete 
|  23|0x00000000c1700000, 0x00000000c1800000, 0x00000000c1800000|100%| O|  |TAMS 0x00000000c1800000, 0x00000000c1700000| Complete 
|  24|0x00000000c1800000, 0x00000000c1900000, 0x00000000c1900000|100%| O|  |TAMS 0x00000000c1900000, 0x00000000c1800000| Complete 
|  25|0x00000000c1900000, 0x00000000c1a00000, 0x00000000c1a00000|100%| O|  |TAMS 0x00000000c1a00000, 0x00000000c1900000| Untracked 
|  26|0x00000000c1a00000, 0x00000000c1b00000, 0x00000000c1b00000|100%| O|  |TAMS 0x00000000c1b00000, 0x00000000c1a00000| Complete 
|  27|0x00000000c1b00000, 0x00000000c1c00000, 0x00000000c1c00000|100%| O|  |TAMS 0x00000000c1c00000, 0x00000000c1b00000| Complete 
|  28|0x00000000c1c00000, 0x00000000c1d00000, 0x00000000c1d00000|100%| O|  |TAMS 0x00000000c1d00000, 0x00000000c1c00000| Complete 
|  29|0x00000000c1d00000, 0x00000000c1e00000, 0x00000000c1e00000|100%| O|  |TAMS 0x00000000c1e00000, 0x00000000c1d00000| Complete 
|  30|0x00000000c1e00000, 0x00000000c1f00000, 0x00000000c1f00000|100%| O|  |TAMS 0x00000000c1f00000, 0x00000000c1e00000| Complete 
|  31|0x00000000c1f00000, 0x00000000c2000000, 0x00000000c2000000|100%| O|  |TAMS 0x00000000c2000000, 0x00000000c1f00000| Complete 
|  32|0x00000000c2000000, 0x00000000c2100000, 0x00000000c2100000|100%| O|  |TAMS 0x00000000c2100000, 0x00000000c2000000| Untracked 
|  33|0x00000000c2100000, 0x00000000c2200000, 0x00000000c2200000|100%| O|  |TAMS 0x00000000c2200000, 0x00000000c2100000| Untracked 
|  34|0x00000000c2200000, 0x00000000c2300000, 0x00000000c2300000|100%| O|  |TAMS 0x00000000c2300000, 0x00000000c2200000| Untracked 
|  35|0x00000000c2300000, 0x00000000c2300000, 0x00000000c2400000|  0%| F|  |TAMS 0x00000000c2300000, 0x00000000c2300000| Untracked 
|  36|0x00000000c2400000, 0x00000000c2500000, 0x00000000c2500000|100%| O|  |TAMS 0x00000000c2500000, 0x00000000c2400000| Complete 
|  37|0x00000000c2500000, 0x00000000c2600000, 0x00000000c2600000|100%| O|  |TAMS 0x00000000c2600000, 0x00000000c2500000| Untracked 
|  38|0x00000000c2600000, 0x00000000c2700000, 0x00000000c2700000|100%| O|  |TAMS 0x00000000c2700000, 0x00000000c2600000| Untracked 
|  39|0x00000000c2700000, 0x00000000c2800000, 0x00000000c2800000|100%| O|  |TAMS 0x00000000c2800000, 0x00000000c2700000| Complete 
|  40|0x00000000c2800000, 0x00000000c2800000, 0x00000000c2900000|  0%| F|  |TAMS 0x00000000c2800000, 0x00000000c2800000| Untracked 
|  41|0x00000000c2900000, 0x00000000c2a00000, 0x00000000c2a00000|100%| O|  |TAMS 0x00000000c2a00000, 0x00000000c2900000| Untracked 
|  42|0x00000000c2a00000, 0x00000000c2b00000, 0x00000000c2b00000|100%| O|  |TAMS 0x00000000c2b00000, 0x00000000c2a00000| Untracked 
|  43|0x00000000c2b00000, 0x00000000c2c00000, 0x00000000c2c00000|100%| O|  |TAMS 0x00000000c2c00000, 0x00000000c2b00000| Untracked 
|  44|0x00000000c2c00000, 0x00000000c2d00000, 0x00000000c2d00000|100%| O|  |TAMS 0x00000000c2d00000, 0x00000000c2c00000| Untracked 
|  45|0x00000000c2d00000, 0x00000000c2e00000, 0x00000000c2e00000|100%| O|  |TAMS 0x00000000c2e00000, 0x00000000c2d00000| Untracked 
|  46|0x00000000c2e00000, 0x00000000c2f00000, 0x00000000c2f00000|100%| O|  |TAMS 0x00000000c2f00000, 0x00000000c2e00000| Untracked 
|  47|0x00000000c2f00000, 0x00000000c3000000, 0x00000000c3000000|100%| O|  |TAMS 0x00000000c3000000, 0x00000000c2f00000| Complete 
|  48|0x00000000c3000000, 0x00000000c3100000, 0x00000000c3100000|100%| O|  |TAMS 0x00000000c3100000, 0x00000000c3000000| Untracked 
|  49|0x00000000c3100000, 0x00000000c3200000, 0x00000000c3200000|100%| O|  |TAMS 0x00000000c3200000, 0x00000000c3100000| Untracked 
|  50|0x00000000c3200000, 0x00000000c3300000, 0x00000000c3300000|100%| O|  |TAMS 0x00000000c3300000, 0x00000000c3200000| Untracked 
|  51|0x00000000c3300000, 0x00000000c3400000, 0x00000000c3400000|100%| O|  |TAMS 0x00000000c3400000, 0x00000000c3300000| Untracked 
|  52|0x00000000c3400000, 0x00000000c3500000, 0x00000000c3500000|100%| O|  |TAMS 0x00000000c3500000, 0x00000000c3400000| Untracked 
|  53|0x00000000c3500000, 0x00000000c3600000, 0x00000000c3600000|100%| O|  |TAMS 0x00000000c3600000, 0x00000000c3500000| Complete 
|  54|0x00000000c3600000, 0x00000000c3700000, 0x00000000c3700000|100%| O|  |TAMS 0x00000000c3700000, 0x00000000c3600000| Untracked 
|  55|0x00000000c3700000, 0x00000000c3800000, 0x00000000c3800000|100%| O|  |TAMS 0x00000000c3800000, 0x00000000c3700000| Untracked 
|  56|0x00000000c3800000, 0x00000000c3900000, 0x00000000c3900000|100%| O|  |TAMS 0x00000000c3900000, 0x00000000c3800000| Untracked 
|  57|0x00000000c3900000, 0x00000000c3a00000, 0x00000000c3a00000|100%| O|  |TAMS 0x00000000c3a00000, 0x00000000c3900000| Untracked 
|  58|0x00000000c3a00000, 0x00000000c3b00000, 0x00000000c3b00000|100%| O|  |TAMS 0x00000000c3b00000, 0x00000000c3a00000| Complete 
|  59|0x00000000c3b00000, 0x00000000c3c00000, 0x00000000c3c00000|100%| O|  |TAMS 0x00000000c3c00000, 0x00000000c3b00000| Complete 
|  60|0x00000000c3c00000, 0x00000000c3d00000, 0x00000000c3d00000|100%| O|  |TAMS 0x00000000c3d00000, 0x00000000c3c00000| Untracked 
|  61|0x00000000c3d00000, 0x00000000c3e00000, 0x00000000c3e00000|100%| O|  |TAMS 0x00000000c3e00000, 0x00000000c3d00000| Untracked 
|  62|0x00000000c3e00000, 0x00000000c3f00000, 0x00000000c3f00000|100%| O|  |TAMS 0x00000000c3f00000, 0x00000000c3e00000| Untracked 
|  63|0x00000000c3f00000, 0x00000000c4000000, 0x00000000c4000000|100%| O|  |TAMS 0x00000000c4000000, 0x00000000c3f00000| Complete 
|  64|0x00000000c4000000, 0x00000000c4100000, 0x00000000c4100000|100%| O|  |TAMS 0x00000000c4100000, 0x00000000c4000000| Complete 
|  65|0x00000000c4100000, 0x00000000c4200000, 0x00000000c4200000|100%| O|  |TAMS 0x00000000c4200000, 0x00000000c4100000| Untracked 
|  66|0x00000000c4200000, 0x00000000c4300000, 0x00000000c4300000|100%| O|  |TAMS 0x00000000c4300000, 0x00000000c4200000| Untracked 
|  67|0x00000000c4300000, 0x00000000c4400000, 0x00000000c4400000|100%| O|  |TAMS 0x00000000c4400000, 0x00000000c4300000| Untracked 
|  68|0x00000000c4400000, 0x00000000c4500000, 0x00000000c4500000|100%| O|  |TAMS 0x00000000c4500000, 0x00000000c4400000| Untracked 
|  69|0x00000000c4500000, 0x00000000c4600000, 0x00000000c4600000|100%| O|  |TAMS 0x00000000c4600000, 0x00000000c4500000| Untracked 
|  70|0x00000000c4600000, 0x00000000c4700000, 0x00000000c4700000|100%| O|  |TAMS 0x00000000c4700000, 0x00000000c4600000| Untracked 
|  71|0x00000000c4700000, 0x00000000c4700000, 0x00000000c4800000|  0%| F|  |TAMS 0x00000000c4700000, 0x00000000c4700000| Untracked 
|  72|0x00000000c4800000, 0x00000000c4900000, 0x00000000c4900000|100%| O|  |TAMS 0x00000000c4900000, 0x00000000c4800000| Untracked 
|  73|0x00000000c4900000, 0x00000000c4a00000, 0x00000000c4a00000|100%| O|  |TAMS 0x00000000c4a00000, 0x00000000c4900000| Untracked 
|  74|0x00000000c4a00000, 0x00000000c4b00000, 0x00000000c4b00000|100%| O|  |TAMS 0x00000000c4b00000, 0x00000000c4a00000| Untracked 
|  75|0x00000000c4b00000, 0x00000000c4c00000, 0x00000000c4c00000|100%| O|  |TAMS 0x00000000c4c00000, 0x00000000c4b00000| Untracked 
|  76|0x00000000c4c00000, 0x00000000c4d00000, 0x00000000c4d00000|100%| O|  |TAMS 0x00000000c4d00000, 0x00000000c4c00000| Untracked 
|  77|0x00000000c4d00000, 0x00000000c4e00000, 0x00000000c4e00000|100%| O|  |TAMS 0x00000000c4e00000, 0x00000000c4d00000| Untracked 
|  78|0x00000000c4e00000, 0x00000000c4f00000, 0x00000000c4f00000|100%| O|  |TAMS 0x00000000c4f00000, 0x00000000c4e00000| Untracked 
|  79|0x00000000c4f00000, 0x00000000c5000000, 0x00000000c5000000|100%| O|  |TAMS 0x00000000c5000000, 0x00000000c4f00000| Complete 
|  80|0x00000000c5000000, 0x00000000c5100000, 0x00000000c5100000|100%| O|  |TAMS 0x00000000c5100000, 0x00000000c5000000| Untracked 
|  81|0x00000000c5100000, 0x00000000c5200000, 0x00000000c5200000|100%| O|  |TAMS 0x00000000c5200000, 0x00000000c5100000| Untracked 
|  82|0x00000000c5200000, 0x00000000c5300000, 0x00000000c5300000|100%| O|  |TAMS 0x00000000c5300000, 0x00000000c5200000| Untracked 
|  83|0x00000000c5300000, 0x00000000c5400000, 0x00000000c5400000|100%| O|  |TAMS 0x00000000c5400000, 0x00000000c5300000| Untracked 
|  84|0x00000000c5400000, 0x00000000c5500000, 0x00000000c5500000|100%| O|  |TAMS 0x00000000c5500000, 0x00000000c5400000| Complete 
|  85|0x00000000c5500000, 0x00000000c5600000, 0x00000000c5600000|100%| O|  |TAMS 0x00000000c5600000, 0x00000000c5500000| Complete 
|  86|0x00000000c5600000, 0x00000000c5700000, 0x00000000c5700000|100%| O|  |TAMS 0x00000000c5700000, 0x00000000c5600000| Untracked 
|  87|0x00000000c5700000, 0x00000000c5800000, 0x00000000c5800000|100%| O|  |TAMS 0x00000000c5800000, 0x00000000c5700000| Untracked 
|  88|0x00000000c5800000, 0x00000000c5900000, 0x00000000c5900000|100%| O|  |TAMS 0x00000000c5900000, 0x00000000c5800000| Untracked 
|  89|0x00000000c5900000, 0x00000000c5a00000, 0x00000000c5a00000|100%| O|  |TAMS 0x00000000c5a00000, 0x00000000c5900000| Untracked 
|  90|0x00000000c5a00000, 0x00000000c5b00000, 0x00000000c5b00000|100%| O|  |TAMS 0x00000000c5b00000, 0x00000000c5a00000| Untracked 
|  91|0x00000000c5b00000, 0x00000000c5c00000, 0x00000000c5c00000|100%| O|  |TAMS 0x00000000c5c00000, 0x00000000c5b00000| Complete 
|  92|0x00000000c5c00000, 0x00000000c5d00000, 0x00000000c5d00000|100%| O|  |TAMS 0x00000000c5d00000, 0x00000000c5c00000| Untracked 
|  93|0x00000000c5d00000, 0x00000000c5e00000, 0x00000000c5e00000|100%| O|  |TAMS 0x00000000c5e00000, 0x00000000c5d00000| Untracked 
|  94|0x00000000c5e00000, 0x00000000c5f00000, 0x00000000c5f00000|100%| O|  |TAMS 0x00000000c5f00000, 0x00000000c5e00000| Untracked 
|  95|0x00000000c5f00000, 0x00000000c6000000, 0x00000000c6000000|100%| O|  |TAMS 0x00000000c6000000, 0x00000000c5f00000| Untracked 
|  96|0x00000000c6000000, 0x00000000c6100000, 0x00000000c6100000|100%| O|  |TAMS 0x00000000c6100000, 0x00000000c6000000| Untracked 
|  97|0x00000000c6100000, 0x00000000c6200000, 0x00000000c6200000|100%| O|  |TAMS 0x00000000c6200000, 0x00000000c6100000| Untracked 
|  98|0x00000000c6200000, 0x00000000c6300000, 0x00000000c6300000|100%| O|  |TAMS 0x00000000c6300000, 0x00000000c6200000| Complete 
|  99|0x00000000c6300000, 0x00000000c638a400, 0x00000000c6400000| 54%| O|  |TAMS 0x00000000c638a400, 0x00000000c6300000| Untracked 
| 100|0x00000000c6400000, 0x00000000c6400000, 0x00000000c6500000|  0%| F|  |TAMS 0x00000000c6400000, 0x00000000c6400000| Untracked 
| 101|0x00000000c6500000, 0x00000000c6500000, 0x00000000c6600000|  0%| F|  |TAMS 0x00000000c6500000, 0x00000000c6500000| Untracked 
| 102|0x00000000c6600000, 0x00000000c6600000, 0x00000000c6700000|  0%| F|  |TAMS 0x00000000c6600000, 0x00000000c6600000| Untracked 
| 103|0x00000000c6700000, 0x00000000c6700000, 0x00000000c6800000|  0%| F|  |TAMS 0x00000000c6700000, 0x00000000c6700000| Untracked 
| 104|0x00000000c6800000, 0x00000000c6800000, 0x00000000c6900000|  0%| F|  |TAMS 0x00000000c6800000, 0x00000000c6800000| Untracked 
| 105|0x00000000c6900000, 0x00000000c6900000, 0x00000000c6a00000|  0%| F|  |TAMS 0x00000000c6900000, 0x00000000c6900000| Untracked 
| 106|0x00000000c6a00000, 0x00000000c6a00000, 0x00000000c6b00000|  0%| F|  |TAMS 0x00000000c6a00000, 0x00000000c6a00000| Untracked 
| 107|0x00000000c6b00000, 0x00000000c6b00000, 0x00000000c6c00000|  0%| F|  |TAMS 0x00000000c6b00000, 0x00000000c6b00000| Untracked 
| 108|0x00000000c6c00000, 0x00000000c6c00000, 0x00000000c6d00000|  0%| F|  |TAMS 0x00000000c6c00000, 0x00000000c6c00000| Untracked 
| 109|0x00000000c6d00000, 0x00000000c6d00000, 0x00000000c6e00000|  0%| F|  |TAMS 0x00000000c6d00000, 0x00000000c6d00000| Untracked 
| 110|0x00000000c6e00000, 0x00000000c6e00000, 0x00000000c6f00000|  0%| F|  |TAMS 0x00000000c6e00000, 0x00000000c6e00000| Untracked 
| 111|0x00000000c6f00000, 0x00000000c6f00000, 0x00000000c7000000|  0%| F|  |TAMS 0x00000000c6f00000, 0x00000000c6f00000| Untracked 
| 112|0x00000000c7000000, 0x00000000c7000000, 0x00000000c7100000|  0%| F|  |TAMS 0x00000000c7000000, 0x00000000c7000000| Untracked 
| 113|0x00000000c7100000, 0x00000000c7100000, 0x00000000c7200000|  0%| F|  |TAMS 0x00000000c7100000, 0x00000000c7100000| Untracked 
| 114|0x00000000c7200000, 0x00000000c7200000, 0x00000000c7300000|  0%| F|  |TAMS 0x00000000c7200000, 0x00000000c7200000| Untracked 
| 115|0x00000000c7300000, 0x00000000c7300000, 0x00000000c7400000|  0%| F|  |TAMS 0x00000000c7300000, 0x00000000c7300000| Untracked 
| 116|0x00000000c7400000, 0x00000000c7400000, 0x00000000c7500000|  0%| F|  |TAMS 0x00000000c7400000, 0x00000000c7400000| Untracked 
| 117|0x00000000c7500000, 0x00000000c7500000, 0x00000000c7600000|  0%| F|  |TAMS 0x00000000c7500000, 0x00000000c7500000| Untracked 
| 118|0x00000000c7600000, 0x00000000c7600000, 0x00000000c7700000|  0%| F|  |TAMS 0x00000000c7600000, 0x00000000c7600000| Untracked 
| 119|0x00000000c7700000, 0x00000000c7700000, 0x00000000c7800000|  0%| F|  |TAMS 0x00000000c7700000, 0x00000000c7700000| Untracked 
| 120|0x00000000c7800000, 0x00000000c7800000, 0x00000000c7900000|  0%| F|  |TAMS 0x00000000c7800000, 0x00000000c7800000| Untracked 
| 121|0x00000000c7900000, 0x00000000c7900000, 0x00000000c7a00000|  0%| F|  |TAMS 0x00000000c7900000, 0x00000000c7900000| Untracked 
| 122|0x00000000c7a00000, 0x00000000c7a00000, 0x00000000c7b00000|  0%| F|  |TAMS 0x00000000c7a00000, 0x00000000c7a00000| Untracked 
| 123|0x00000000c7b00000, 0x00000000c7b00000, 0x00000000c7c00000|  0%| F|  |TAMS 0x00000000c7b00000, 0x00000000c7b00000| Untracked 
| 124|0x00000000c7c00000, 0x00000000c7c00000, 0x00000000c7d00000|  0%| F|  |TAMS 0x00000000c7c00000, 0x00000000c7c00000| Untracked 
| 125|0x00000000c7d00000, 0x00000000c7d578f0, 0x00000000c7e00000| 34%| S|CS|TAMS 0x00000000c7d00000, 0x00000000c7d00000| Complete 
| 126|0x00000000c7e00000, 0x00000000c7f00000, 0x00000000c7f00000|100%| S|CS|TAMS 0x00000000c7e00000, 0x00000000c7e00000| Complete 
| 127|0x00000000c7f00000, 0x00000000c7f00000, 0x00000000c8000000|  0%| F|  |TAMS 0x00000000c7f00000, 0x00000000c7f00000| Untracked 
| 128|0x00000000c8000000, 0x00000000c8000000, 0x00000000c8100000|  0%| F|  |TAMS 0x00000000c8000000, 0x00000000c8000000| Untracked 
| 129|0x00000000c8100000, 0x00000000c8100000, 0x00000000c8200000|  0%| F|  |TAMS 0x00000000c8100000, 0x00000000c8100000| Untracked 
| 130|0x00000000c8200000, 0x00000000c8200000, 0x00000000c8300000|  0%| F|  |TAMS 0x00000000c8200000, 0x00000000c8200000| Untracked 
| 131|0x00000000c8300000, 0x00000000c8300000, 0x00000000c8400000|  0%| F|  |TAMS 0x00000000c8300000, 0x00000000c8300000| Untracked 
| 132|0x00000000c8400000, 0x00000000c8400000, 0x00000000c8500000|  0%| F|  |TAMS 0x00000000c8400000, 0x00000000c8400000| Untracked 
| 133|0x00000000c8500000, 0x00000000c8500000, 0x00000000c8600000|  0%| F|  |TAMS 0x00000000c8500000, 0x00000000c8500000| Untracked 
| 134|0x00000000c8600000, 0x00000000c8600000, 0x00000000c8700000|  0%| F|  |TAMS 0x00000000c8600000, 0x00000000c8600000| Untracked 
| 135|0x00000000c8700000, 0x00000000c8700000, 0x00000000c8800000|  0%| F|  |TAMS 0x00000000c8700000, 0x00000000c8700000| Untracked 
| 136|0x00000000c8800000, 0x00000000c8800000, 0x00000000c8900000|  0%| F|  |TAMS 0x00000000c8800000, 0x00000000c8800000| Untracked 
| 137|0x00000000c8900000, 0x00000000c8900000, 0x00000000c8a00000|  0%| F|  |TAMS 0x00000000c8900000, 0x00000000c8900000| Untracked 
| 138|0x00000000c8a00000, 0x00000000c8a00000, 0x00000000c8b00000|  0%| F|  |TAMS 0x00000000c8a00000, 0x00000000c8a00000| Untracked 
| 139|0x00000000c8b00000, 0x00000000c8b00000, 0x00000000c8c00000|  0%| F|  |TAMS 0x00000000c8b00000, 0x00000000c8b00000| Untracked 
| 140|0x00000000c8c00000, 0x00000000c8c00000, 0x00000000c8d00000|  0%| F|  |TAMS 0x00000000c8c00000, 0x00000000c8c00000| Untracked 
| 141|0x00000000c8d00000, 0x00000000c8d00000, 0x00000000c8e00000|  0%| F|  |TAMS 0x00000000c8d00000, 0x00000000c8d00000| Untracked 
| 142|0x00000000c8e00000, 0x00000000c8e00000, 0x00000000c8f00000|  0%| F|  |TAMS 0x00000000c8e00000, 0x00000000c8e00000| Untracked 
| 143|0x00000000c8f00000, 0x00000000c8f00000, 0x00000000c9000000|  0%| F|  |TAMS 0x00000000c8f00000, 0x00000000c8f00000| Untracked 
| 144|0x00000000c9000000, 0x00000000c9000000, 0x00000000c9100000|  0%| F|  |TAMS 0x00000000c9000000, 0x00000000c9000000| Untracked 
| 145|0x00000000c9100000, 0x00000000c9100000, 0x00000000c9200000|  0%| F|  |TAMS 0x00000000c9100000, 0x00000000c9100000| Untracked 
| 146|0x00000000c9200000, 0x00000000c9200000, 0x00000000c9300000|  0%| F|  |TAMS 0x00000000c9200000, 0x00000000c9200000| Untracked 
| 147|0x00000000c9300000, 0x00000000c9300000, 0x00000000c9400000|  0%| F|  |TAMS 0x00000000c9300000, 0x00000000c9300000| Untracked 
| 148|0x00000000c9400000, 0x00000000c9400000, 0x00000000c9500000|  0%| F|  |TAMS 0x00000000c9400000, 0x00000000c9400000| Untracked 
| 149|0x00000000c9500000, 0x00000000c9500000, 0x00000000c9600000|  0%| F|  |TAMS 0x00000000c9500000, 0x00000000c9500000| Untracked 
| 150|0x00000000c9600000, 0x00000000c9600000, 0x00000000c9700000|  0%| F|  |TAMS 0x00000000c9600000, 0x00000000c9600000| Untracked 
| 151|0x00000000c9700000, 0x00000000c9700000, 0x00000000c9800000|  0%| F|  |TAMS 0x00000000c9700000, 0x00000000c9700000| Untracked 
| 152|0x00000000c9800000, 0x00000000c9800000, 0x00000000c9900000|  0%| F|  |TAMS 0x00000000c9800000, 0x00000000c9800000| Untracked 
| 153|0x00000000c9900000, 0x00000000c9900000, 0x00000000c9a00000|  0%| F|  |TAMS 0x00000000c9900000, 0x00000000c9900000| Untracked 
| 154|0x00000000c9a00000, 0x00000000c9a00000, 0x00000000c9b00000|  0%| F|  |TAMS 0x00000000c9a00000, 0x00000000c9a00000| Untracked 
| 155|0x00000000c9b00000, 0x00000000c9b00000, 0x00000000c9c00000|  0%| F|  |TAMS 0x00000000c9b00000, 0x00000000c9b00000| Untracked 
| 156|0x00000000c9c00000, 0x00000000c9c00000, 0x00000000c9d00000|  0%| F|  |TAMS 0x00000000c9c00000, 0x00000000c9c00000| Untracked 
| 157|0x00000000c9d00000, 0x00000000c9d00000, 0x00000000c9e00000|  0%| F|  |TAMS 0x00000000c9d00000, 0x00000000c9d00000| Untracked 
| 158|0x00000000c9e00000, 0x00000000c9e00000, 0x00000000c9f00000|  0%| F|  |TAMS 0x00000000c9e00000, 0x00000000c9e00000| Untracked 
| 159|0x00000000c9f00000, 0x00000000c9f00000, 0x00000000ca000000|  0%| F|  |TAMS 0x00000000c9f00000, 0x00000000c9f00000| Untracked 
| 160|0x00000000ca000000, 0x00000000ca000000, 0x00000000ca100000|  0%| F|  |TAMS 0x00000000ca000000, 0x00000000ca000000| Untracked 
| 161|0x00000000ca100000, 0x00000000ca100000, 0x00000000ca200000|  0%| F|  |TAMS 0x00000000ca100000, 0x00000000ca100000| Untracked 
| 162|0x00000000ca200000, 0x00000000ca200000, 0x00000000ca300000|  0%| F|  |TAMS 0x00000000ca200000, 0x00000000ca200000| Untracked 
| 163|0x00000000ca300000, 0x00000000ca3c61c0, 0x00000000ca400000| 77%| E|  |TAMS 0x00000000ca300000, 0x00000000ca300000| Complete 
| 164|0x00000000ca400000, 0x00000000ca500000, 0x00000000ca500000|100%| E|CS|TAMS 0x00000000ca400000, 0x00000000ca400000| Complete 
| 165|0x00000000ca500000, 0x00000000ca600000, 0x00000000ca600000|100%| E|CS|TAMS 0x00000000ca500000, 0x00000000ca500000| Complete 
| 166|0x00000000ca600000, 0x00000000ca700000, 0x00000000ca700000|100%| E|CS|TAMS 0x00000000ca600000, 0x00000000ca600000| Complete 

Card table byte_map: [0x0000022438060000,0x0000022438260000] _byte_map_base: 0x0000022437a60000

Marking Bits (Prev, Next): (CMBitMap*) 0x0000022420777f78, (CMBitMap*) 0x0000022420777fb0
 Prev Bits: [0x0000022438460000, 0x0000022439460000)
 Next Bits: [0x0000022439460000, 0x000002243a460000)

Polling page: 0x000002241e740000

Metaspace:

Usage:
  Non-class:     18.08 MB capacity,    17.81 MB ( 99%) used,   217.03 KB (  1%) free+waste,    53.31 KB ( <1%) overhead. 
      Class:      2.32 MB capacity,     2.13 MB ( 92%) used,   167.05 KB (  7%) free+waste,    25.25 KB (  1%) overhead. 
       Both:     20.40 MB capacity,    19.95 MB ( 98%) used,   384.08 KB (  2%) free+waste,    78.56 KB ( <1%) overhead. 

Virtual space:
  Non-class space:       20.00 MB reserved,      18.25 MB ( 91%) committed 
      Class space:        1.00 GB reserved,       2.38 MB ( <1%) committed 
             Both:        1.02 GB reserved,      20.63 MB (  2%) committed 

Chunk freelists:
   Non-Class:  49.00 KB
       Class:  24.00 KB
        Both:  73.00 KB

MaxMetaspaceSize: 17179869184.00 GB
CompressedClassSpaceSize: 1.00 GB
Initial GC threshold: 20.80 MB
Current GC threshold: 33.96 MB
CDS: off

CodeHeap 'non-profiled nmethods': size=120064Kb used=4332Kb max_used=4332Kb free=115731Kb
 bounds [0x0000022430920000, 0x0000022430d60000, 0x0000022437e60000]
CodeHeap 'profiled nmethods': size=120000Kb used=12396Kb max_used=12396Kb free=107603Kb
 bounds [0x00000224293f0000, 0x000002242a010000, 0x0000022430920000]
CodeHeap 'non-nmethods': size=5696Kb used=1153Kb max_used=1224Kb free=4542Kb
 bounds [0x0000022428e60000, 0x00000224290d0000, 0x00000224293f0000]
 total_blobs=4875 nmethods=4477 adapters=310
 compilation: enabled
              stopped_count=0, restarted_count=0
 full_count=0

Compilation events (20 events):
Event: 70.117 Thread 0x0000022440369800 nmethod 4594 0x0000022430d53610 code [0x0000022430d537a0, 0x0000022430d537f8]
Event: 70.121 Thread 0x0000022440369800 4595  s    4       com.android.tools.r8.graph.t1::c (64 bytes)
Event: 70.248 Thread 0x0000022440369800 nmethod 4595 0x0000022430d53910 code [0x0000022430d53b80, 0x0000022430d54d08]
Event: 70.248 Thread 0x0000022440369800 4596       4       com.android.tools.r8.v.b.q::remove (246 bytes)
Event: 70.366 Thread 0x0000022440369800 nmethod 4596 0x0000022430d55790 code [0x0000022430d55a00, 0x0000022430d57128]
Event: 70.368 Thread 0x0000022440369800 4597       4       com.android.tools.r8.v.a.t.f::b (2 bytes)
Event: 70.368 Thread 0x0000022440369800 nmethod 4597 0x0000022430d57d10 code [0x0000022430d57ea0, 0x0000022430d57ef8]
Event: 70.368 Thread 0x000002243c958800 4598       3       com.android.tools.r8.utils.V::a (57 bytes)
Event: 70.369 Thread 0x000002243c958800 nmethod 4598 0x000002242a008910 code [0x000002242a008ac0, 0x000002242a008d98]
Event: 70.369 Thread 0x0000022440369800 4599       4       java.util.TreeMap::getEntry (84 bytes)
Event: 70.373 Thread 0x0000022440369800 nmethod 4599 0x0000022430d58010 code [0x0000022430d581c0, 0x0000022430d58398]
Event: 70.384 Thread 0x0000022440369800 4600       4       com.android.tools.r8.ir.optimize.Z::b (114 bytes)
Event: 70.508 Thread 0x0000022440369800 nmethod 4600 0x0000022430d58590 code [0x0000022430d58840, 0x0000022430d59f88]
Event: 70.529 Thread 0x0000022440369800 4601       4       com.android.tools.r8.ir.optimize.Z::a (583 bytes)
Event: 70.737 Thread 0x000002243c958800 4603       3       com.android.tools.r8.graph.p::a (38 bytes)
Event: 70.737 Thread 0x000002243c958800 nmethod 4603 0x000002242a008e10 code [0x000002242a009000, 0x000002242a009538]
Event: 70.737 Thread 0x000002243c958800 4606       3       com.android.tools.r8.r.o.x::a (13 bytes)
Event: 70.738 Thread 0x000002243c958800 nmethod 4606 0x000002242a009710 code [0x000002242a009900, 0x000002242a009d38]
Event: 70.818 Thread 0x000002243c958800 4607       3       com.android.tools.r8.graph.p::a (126 bytes)
Event: 70.819 Thread 0x000002243c958800 nmethod 4607 0x000002242a009f10 code [0x000002242a00a1c0, 0x000002242a00aca8]

GC Heap History (20 events):
Event: 12.249 GC heap before
{Heap before GC invocations=8 (full 0):
 garbage-first heap   total 131072K, used 80533K [0x00000000c0000000, 0x0000000100000000)
  region size 1024K, 31 young (31744K), 3 survivors (3072K)
 Metaspace       used 12941K, capacity 13149K, committed 13440K, reserved 1060864K
  class space    used 1284K, capacity 1358K, committed 1408K, reserved 1048576K
}
Event: 12.297 GC heap after
{Heap after GC invocations=9 (full 0):
 garbage-first heap   total 131072K, used 59169K [0x00000000c0000000, 0x0000000100000000)
  region size 1024K, 4 young (4096K), 4 survivors (4096K)
 Metaspace       used 12941K, capacity 13149K, committed 13440K, reserved 1060864K
  class space    used 1284K, capacity 1358K, committed 1408K, reserved 1048576K
}
Event: 16.384 GC heap before
{Heap before GC invocations=9 (full 0):
 garbage-first heap   total 131072K, used 86817K [0x00000000c0000000, 0x0000000100000000)
  region size 1024K, 31 young (31744K), 4 survivors (4096K)
 Metaspace       used 13800K, capacity 14031K, committed 14336K, reserved 1062912K
  class space    used 1391K, capacity 1481K, committed 1536K, reserved 1048576K
}
Event: 16.416 GC heap after
{Heap after GC invocations=10 (full 0):
 garbage-first heap   total 171008K, used 64891K [0x00000000c0000000, 0x0000000100000000)
  region size 1024K, 4 young (4096K), 4 survivors (4096K)
 Metaspace       used 13800K, capacity 14031K, committed 14336K, reserved 1062912K
  class space    used 1391K, capacity 1481K, committed 1536K, reserved 1048576K
}
Event: 18.414 GC heap before
{Heap before GC invocations=10 (full 0):
 garbage-first heap   total 171008K, used 102779K [0x00000000c0000000, 0x0000000100000000)
  region size 1024K, 41 young (41984K), 4 survivors (4096K)
 Metaspace       used 13812K, capacity 14031K, committed 14336K, reserved 1062912K
  class space    used 1391K, capacity 1481K, committed 1536K, reserved 1048576K
}
Event: 18.671 GC heap after
{Heap after GC invocations=11 (full 0):
 garbage-first heap   total 171008K, used 72471K [0x00000000c0000000, 0x0000000100000000)
  region size 1024K, 6 young (6144K), 6 survivors (6144K)
 Metaspace       used 13812K, capacity 14031K, committed 14336K, reserved 1062912K
  class space    used 1391K, capacity 1481K, committed 1536K, reserved 1048576K
}
Event: 23.505 GC heap before
{Heap before GC invocations=11 (full 0):
 garbage-first heap   total 171008K, used 110359K [0x00000000c0000000, 0x0000000100000000)
  region size 1024K, 43 young (44032K), 6 survivors (6144K)
 Metaspace       used 13817K, capacity 14031K, committed 14336K, reserved 1062912K
  class space    used 1392K, capacity 1481K, committed 1536K, reserved 1048576K
}
Event: 23.549 GC heap after
{Heap after GC invocations=12 (full 0):
 garbage-first heap   total 171008K, used 79872K [0x00000000c0000000, 0x0000000100000000)
  region size 1024K, 6 young (6144K), 6 survivors (6144K)
 Metaspace       used 13817K, capacity 14031K, committed 14336K, reserved 1062912K
  class space    used 1392K, capacity 1481K, committed 1536K, reserved 1048576K
}
Event: 25.405 GC heap before
{Heap before GC invocations=12 (full 0):
 garbage-first heap   total 171008K, used 117760K [0x00000000c0000000, 0x0000000100000000)
  region size 1024K, 43 young (44032K), 6 survivors (6144K)
 Metaspace       used 13817K, capacity 14031K, committed 14336K, reserved 1062912K
  class space    used 1392K, capacity 1481K, committed 1536K, reserved 1048576K
}
Event: 25.424 GC heap after
{Heap after GC invocations=13 (full 0):
 garbage-first heap   total 171008K, used 87368K [0x00000000c0000000, 0x0000000100000000)
  region size 1024K, 6 young (6144K), 6 survivors (6144K)
 Metaspace       used 13817K, capacity 14031K, committed 14336K, reserved 1062912K
  class space    used 1392K, capacity 1481K, committed 1536K, reserved 1048576K
}
Event: 31.423 GC heap before
{Heap before GC invocations=13 (full 0):
 garbage-first heap   total 171008K, used 123208K [0x00000000c0000000, 0x0000000100000000)
  region size 1024K, 41 young (41984K), 6 survivors (6144K)
 Metaspace       used 17599K, capacity 17982K, committed 18048K, reserved 1064960K
  class space    used 1986K, capacity 2176K, committed 2176K, reserved 1048576K
}
Event: 31.445 GC heap after
{Heap after GC invocations=14 (full 0):
 garbage-first heap   total 171008K, used 93794K [0x00000000c0000000, 0x0000000100000000)
  region size 1024K, 6 young (6144K), 6 survivors (6144K)
 Metaspace       used 17599K, capacity 17982K, committed 18048K, reserved 1064960K
  class space    used 1986K, capacity 2176K, committed 2176K, reserved 1048576K
}
Event: 43.788 GC heap before
{Heap before GC invocations=15 (full 0):
 garbage-first heap   total 171008K, used 127586K [0x00000000c0000000, 0x0000000100000000)
  region size 1024K, 40 young (40960K), 6 survivors (6144K)
 Metaspace       used 19732K, capacity 20172K, committed 20352K, reserved 1067008K
  class space    used 2161K, capacity 2361K, committed 2432K, reserved 1048576K
}
Event: 43.803 GC heap after
{Heap after GC invocations=16 (full 0):
 garbage-first heap   total 171008K, used 95387K [0x00000000c0000000, 0x0000000100000000)
  region size 1024K, 2 young (2048K), 2 survivors (2048K)
 Metaspace       used 19732K, capacity 20172K, committed 20352K, reserved 1067008K
  class space    used 2161K, capacity 2361K, committed 2432K, reserved 1048576K
}
Event: 46.037 GC heap before
{Heap before GC invocations=16 (full 0):
 garbage-first heap   total 171008K, used 101531K [0x00000000c0000000, 0x0000000100000000)
  region size 1024K, 8 young (8192K), 2 survivors (2048K)
 Metaspace       used 19827K, capacity 20237K, committed 20352K, reserved 1067008K
  class space    used 2166K, capacity 2361K, committed 2432K, reserved 1048576K
}
Event: 46.056 GC heap after
{Heap after GC invocations=17 (full 0):
 garbage-first heap   total 171008K, used 90181K [0x00000000c0000000, 0x0000000100000000)
  region size 1024K, 1 young (1024K), 1 survivors (1024K)
 Metaspace       used 19827K, capacity 20237K, committed 20352K, reserved 1067008K
  class space    used 2166K, capacity 2361K, committed 2432K, reserved 1048576K
}
Event: 54.559 GC heap before
{Heap before GC invocations=17 (full 0):
 garbage-first heap   total 171008K, used 128069K [0x00000000c0000000, 0x0000000100000000)
  region size 1024K, 38 young (38912K), 1 survivors (1024K)
 Metaspace       used 20258K, capacity 20670K, committed 20864K, reserved 1067008K
  class space    used 2186K, capacity 2394K, committed 2432K, reserved 1048576K
}
Event: 54.572 GC heap after
{Heap after GC invocations=18 (full 0):
 garbage-first heap   total 171008K, used 90439K [0x00000000c0000000, 0x0000000100000000)
  region size 1024K, 1 young (1024K), 1 survivors (1024K)
 Metaspace       used 20258K, capacity 20670K, committed 20864K, reserved 1067008K
  class space    used 2186K, capacity 2394K, committed 2432K, reserved 1048576K
}
Event: 68.180 GC heap before
{Heap before GC invocations=19 (full 0):
 garbage-first heap   total 171008K, used 130375K [0x00000000c0000000, 0x0000000100000000)
  region size 1024K, 40 young (40960K), 1 survivors (1024K)
 Metaspace       used 20411K, capacity 20818K, committed 21120K, reserved 1069056K
  class space    used 2182K, capacity 2374K, committed 2432K, reserved 1048576K
}
Event: 68.189 GC heap after
{Heap after GC invocations=20 (full 0):
 garbage-first heap   total 171008K, used 91015K [0x00000000c0000000, 0x0000000100000000)
  region size 1024K, 2 young (2048K), 2 survivors (2048K)
 Metaspace       used 20411K, capacity 20818K, committed 21120K, reserved 1069056K
  class space    used 2182K, capacity 2374K, committed 2432K, reserved 1048576K
}

Deoptimization events (20 events):
Event: 70.119 Thread 0x000002243d384800 Uncommon trap: trap_request=0xffffff4d fr.pc=0x0000022430ba54b8 relative=0x0000000000000cf8
Event: 70.119 Thread 0x000002243d384800 Uncommon trap: reason=unstable_if action=reinterpret pc=0x0000022430ba54b8 method=com.android.tools.r8.graph.r0.O()Z @ 11 c2
Event: 70.119 Thread 0x000002243d384800 DEOPT PACKING pc=0x0000022430ba54b8 sp=0x00000076958fd820
Event: 70.119 Thread 0x000002243d384800 DEOPT UNPACKING pc=0x0000022428eaa1af sp=0x00000076958fd720 mode 2
Event: 70.119 Thread 0x000002243d384800 Uncommon trap: trap_request=0xffffff4d fr.pc=0x0000022430b79b50 relative=0x00000000000000b0
Event: 70.119 Thread 0x000002243d384800 Uncommon trap: reason=unstable_if action=reinterpret pc=0x0000022430b79b50 method=com.android.tools.r8.graph.r0.O()Z @ 11 c2
Event: 70.119 Thread 0x000002243d384800 DEOPT PACKING pc=0x0000022430b79b50 sp=0x00000076958fd870
Event: 70.119 Thread 0x000002243d384800 DEOPT UNPACKING pc=0x0000022428eaa1af sp=0x00000076958fd7a8 mode 2
Event: 70.119 Thread 0x000002243d384800 Uncommon trap: trap_request=0xffffff4d fr.pc=0x0000022430ba02a4 relative=0x00000000000000e4
Event: 70.119 Thread 0x000002243d384800 Uncommon trap: reason=unstable_if action=reinterpret pc=0x0000022430ba02a4 method=com.android.tools.r8.v.b.w1.a(Lcom/android/tools/r8/graph/r0;)Lcom/android/tools/r8/v/b/w1; @ 12 c2
Event: 70.119 Thread 0x000002243d384800 DEOPT PACKING pc=0x0000022430ba02a4 sp=0x00000076958fd040
Event: 70.119 Thread 0x000002243d384800 DEOPT UNPACKING pc=0x0000022428eaa1af sp=0x00000076958fcf68 mode 2
Event: 70.119 Thread 0x000002243d384800 Uncommon trap: trap_request=0xffffff4d fr.pc=0x0000022430bab28c relative=0x000000000000006c
Event: 70.119 Thread 0x000002243d384800 Uncommon trap: reason=unstable_if action=reinterpret pc=0x0000022430bab28c method=com.android.tools.r8.utils.V.a(C)Z @ 15 c2
Event: 70.119 Thread 0x000002243d384800 DEOPT PACKING pc=0x0000022430bab28c sp=0x00000076958fd220
Event: 70.119 Thread 0x000002243d384800 DEOPT UNPACKING pc=0x0000022428eaa1af sp=0x00000076958fd1b0 mode 2
Event: 70.119 Thread 0x000002243d384800 Uncommon trap: trap_request=0xffffff4d fr.pc=0x0000022430c0d69c relative=0x00000000000005bc
Event: 70.119 Thread 0x000002243d384800 Uncommon trap: reason=unstable_if action=reinterpret pc=0x0000022430c0d69c method=com.android.tools.r8.v.b.w1.a(Lcom/android/tools/r8/graph/r0;)Lcom/android/tools/r8/v/b/w1; @ 12 c2
Event: 70.119 Thread 0x000002243d384800 DEOPT PACKING pc=0x0000022430c0d69c sp=0x00000076958fd3e0
Event: 70.119 Thread 0x000002243d384800 DEOPT UNPACKING pc=0x0000022428eaa1af sp=0x00000076958fd1e8 mode 2

Classes redefined (0 events):
No events

Internal exceptions (20 events):
Event: 13.946 Thread 0x0000022420749000 Exception <a 'java/lang/NoSuchMethodError'{0x00000000c7ce3558}: 'void java.lang.invoke.DirectMethodHandle$Holder.invokeStatic(java.lang.Object, java.lang.Object, java.lang.Object, java.lang.Object, java.lang.Object, java.lang.Object)'> (0x00000000c7ce3558) thrown at [./src/hotspot/share/interpreter/linkResolver.cpp, line 773]
Event: 13.948 Thread 0x0000022420749000 Exception <a 'java/lang/NoSuchMethodError'{0x00000000c7cf06b8}: 'java.lang.Object java.lang.invoke.Invokers$Holder.linkToTargetMethod(java.lang.Object, java.lang.Object, int, java.lang.Object)'> (0x00000000c7cf06b8) thrown at [./src/hotspot/share/interpreter/linkResolver.cpp, line 773]
Event: 15.676 Thread 0x000002243d7ed800 Implicit null exception at 0x00000224309c0cec to 0x00000224309c0d94
Event: 27.913 Thread 0x0000022420749000 Exception <a 'java/lang/NoSuchMethodError'{0x00000000c8c56d98}: 'void java.lang.invoke.DirectMethodHandle$Holder.invokeStaticInit(java.lang.Object, java.lang.Object, java.lang.Object, java.lang.Object, java.lang.Object)'> (0x00000000c8c56d98) thrown at [./src/hotspot/share/interpreter/linkResolver.cpp, line 773]
Event: 28.337 Thread 0x0000022420749000 Exception <a 'java/lang/NoSuchMethodError'{0x00000000c8c89328}: 'java.lang.Object java.lang.invoke.DirectMethodHandle$Holder.invokeStaticInit(java.lang.Object, java.lang.Object, java.lang.Object)'> (0x00000000c8c89328) thrown at [./src/hotspot/share/interpreter/linkResolver.cpp, line 773]
Event: 28.785 Thread 0x0000022420749000 Exception <a 'java/lang/NoSuchMethodError'{0x00000000c8b52a50}: 'java.lang.Object java.lang.invoke.DirectMethodHandle$Holder.invokeStatic(java.lang.Object, int, java.lang.Object, java.lang.Object)'> (0x00000000c8b52a50) thrown at [./src/hotspot/share/interpreter/linkResolver.cpp, line 773]
Event: 29.197 Thread 0x000002243d384800 Exception <a 'java/lang/NoSuchMethodError'{0x00000000c8fb07d0}: 'java.lang.Object java.lang.invoke.Invokers$Holder.linkToTargetMethod(java.lang.Object, int, java.lang.Object)'> (0x00000000c8fb07d0) thrown at [./src/hotspot/share/interpreter/linkResolver.cpp, line 773]
Event: 29.198 Thread 0x000002243d7ed800 Exception <a 'java/lang/NoSuchMethodError'{0x00000000c90a6de0}: 'java.lang.Object java.lang.invoke.Invokers$Holder.linkToTargetMethod(java.lang.Object, int, java.lang.Object)'> (0x00000000c90a6de0) thrown at [./src/hotspot/share/interpreter/linkResolver.cpp, line 773]
Event: 29.328 Thread 0x000002243d384800 Exception <a 'java/lang/NoSuchMethodError'{0x00000000c89829f8}: 'int java.lang.invoke.DirectMethodHandle$Holder.invokeSpecial(java.lang.Object, java.lang.Object, java.lang.Object, java.lang.Object, java.lang.Object)'> (0x00000000c89829f8) thrown at [./src/hotspot/share/interpreter/linkResolver.cpp, line 773]
Event: 29.328 Thread 0x000002243d7ed800 Exception <a 'java/lang/NoSuchMethodError'{0x00000000c890a610}: 'int java.lang.invoke.DirectMethodHandle$Holder.invokeSpecial(java.lang.Object, java.lang.Object, java.lang.Object, java.lang.Object, java.lang.Object)'> (0x00000000c890a610) thrown at [./src/hotspot/share/interpreter/linkResolver.cpp, line 773]
Event: 29.893 Thread 0x000002243d7ed800 Exception <a 'java/lang/NoSuchMethodError'{0x00000000c89f09b8}: 'java.lang.Object java.lang.invoke.DirectMethodHandle$Holder.invokeVirtual(java.lang.Object, java.lang.Object, int, java.lang.Object)'> (0x00000000c89f09b8) thrown at [./src/hotspot/share/interpreter/linkResolver.cpp, line 773]
Event: 29.904 Thread 0x000002243d7ed800 Exception <a 'java/lang/NoSuchMethodError'{0x00000000c871fe68}: 'int java.lang.invoke.DirectMethodHandle$Holder.invokeStatic(java.lang.Object, java.lang.Object, java.lang.Object, java.lang.Object, java.lang.Object)'> (0x00000000c871fe68) thrown at [./src/hotspot/share/interpreter/linkResolver.cpp, line 773]
Event: 30.036 Thread 0x000002243d384800 Exception <a 'java/lang/NoSuchMethodError'{0x00000000c88cd4a8}: 'void java.lang.invoke.DirectMethodHandle$Holder.invokeVirtual(java.lang.Object, java.lang.Object, int, java.lang.Object)'> (0x00000000c88cd4a8) thrown at [./src/hotspot/share/interpreter/linkResolver.cpp, line 773]
Event: 30.810 Thread 0x000002243d384800 Exception <a 'java/lang/NoSuchMethodError'{0x00000000c850a628}: 'void java.lang.invoke.DirectMethodHandle$Holder.invokeVirtual(java.lang.Object, java.lang.Object)'> (0x00000000c850a628) thrown at [./src/hotspot/share/interpreter/linkResolver.cpp, line 773]
Event: 32.910 Thread 0x000002243d384800 Implicit null exception at 0x0000022430a6a43f to 0x0000022430a6a964
Event: 33.750 Thread 0x000002243d7ed800 Exception <a 'java/lang/NoSuchMethodError'{0x00000000ca2eab70}: 'java.lang.Object java.lang.invoke.DirectMethodHandle$Holder.invokeInterface(java.lang.Object, java.lang.Object, int)'> (0x00000000ca2eab70) thrown at [./src/hotspot/share/interpreter/linkResolver.cpp, line 773]
Event: 35.954 Thread 0x000002243d384800 Exception <a 'java/lang/NoSuchMethodError'{0x00000000c9a81d48}: 'java.lang.Object java.lang.invoke.DirectMethodHandle$Holder.invokeStatic(java.lang.Object, java.lang.Object, java.lang.Object, java.lang.Object, int)'> (0x00000000c9a81d48) thrown at [./src/hotspot/share/interpreter/linkResolver.cpp, line 773]
Event: 60.005 Thread 0x000002243d7ed800 Implicit null exception at 0x0000022430c7abc8 to 0x0000022430c7b404
Event: 65.184 Thread 0x000002243d7ed800 Implicit null exception at 0x0000022430b7bc3c to 0x0000022430b7d070
Event: 68.910 Thread 0x000002243d7ed800 Exception <a 'java/lang/NoSuchMethodError'{0x00000000ca518be0}: 'int java.lang.invoke.DirectMethodHandle$Holder.invokeInterface(java.lang.Object, java.lang.Object, int)'> (0x00000000ca518be0) thrown at [./src/hotspot/share/interpreter/linkResolver.cpp, line 773]

Events (20 events):
Event: 58.128 loading class com/android/tools/r8/code/u
Event: 58.128 loading class com/android/tools/r8/code/u done
Event: 58.128 loading class com/android/tools/r8/code/w
Event: 58.128 loading class com/android/tools/r8/code/w done
Event: 58.129 loading class com/android/tools/r8/code/s
Event: 58.129 loading class com/android/tools/r8/code/s done
Event: 64.785 Thread 0x0000022440369800 Thread exited: 0x0000022440369800
Event: 65.137 Thread 0x0000022440369800 Thread added: 0x0000022440369800
Event: 65.144 loading class com/android/tools/r8/v/b/M0
Event: 65.144 loading class com/android/tools/r8/v/b/M0 done
Event: 65.147 loading class com/android/tools/r8/v/b/M0
Event: 65.147 loading class com/android/tools/r8/v/b/M0 done
Event: 66.060 loading class com/android/tools/r8/utils/S
Event: 66.060 loading class com/android/tools/r8/utils/S done
Event: 68.180 Executing VM operation: G1CollectForAllocation
Event: 68.189 Executing VM operation: G1CollectForAllocation done
Event: 68.207 Executing VM operation: RevokeBias
Event: 68.207 Executing VM operation: RevokeBias done
Event: 68.910 loading class com/android/tools/r8/w/a/a/a/f/z0
Event: 68.910 loading class com/android/tools/r8/w/a/a/a/f/z0 done


Dynamic libraries:
0x00007ff71fdb0000 - 0x00007ff71fdbd000 	C:\Program Files\Microsoft\jdk-11.0.12.7-hotspot\bin\java.exe
0x00007ffe073d0000 - 0x00007ffe075c5000 	C:\WINDOWS\SYSTEM32\ntdll.dll
0x00007ffddce30000 - 0x00007ffddce46000 	C:\Program Files\Avast Software\Avast\aswhook.dll
0x00007ffe06d70000 - 0x00007ffe06e2e000 	C:\WINDOWS\System32\KERNEL32.DLL
0x00007ffe04e90000 - 0x00007ffe05158000 	C:\WINDOWS\System32\KERNELBASE.dll
0x00007ffe052b0000 - 0x00007ffe053b0000 	C:\WINDOWS\System32\ucrtbase.dll
0x00007ffdfddb0000 - 0x00007ffdfddc7000 	C:\Program Files\Microsoft\jdk-11.0.12.7-hotspot\bin\jli.dll
0x00007ffe06080000 - 0x00007ffe06221000 	C:\WINDOWS\System32\USER32.dll
0x00007ffe04ae0000 - 0x00007ffe04b02000 	C:\WINDOWS\System32\win32u.dll
0x00007ffe05fa0000 - 0x00007ffe05fcb000 	C:\WINDOWS\System32\GDI32.dll
0x00007ffe04d80000 - 0x00007ffe04e8d000 	C:\WINDOWS\System32\gdi32full.dll
0x00007ffe05160000 - 0x00007ffe051fd000 	C:\WINDOWS\System32\msvcp_win.dll
0x00007ffdfdd80000 - 0x00007ffdfdd95000 	C:\Program Files\Microsoft\jdk-11.0.12.7-hotspot\bin\VCRUNTIME140.dll
0x00007ffe04190000 - 0x00007ffe0442a000 	C:\WINDOWS\WinSxS\amd64_microsoft.windows.common-controls_6595b64144ccf1df_6.0.19041.1110_none_60b5254171f9507e\COMCTL32.dll
0x00007ffe05fd0000 - 0x00007ffe0606e000 	C:\WINDOWS\System32\msvcrt.dll
0x00007ffe05770000 - 0x00007ffe057a0000 	C:\WINDOWS\System32\IMM32.DLL
0x00007ffded640000 - 0x00007ffded6db000 	C:\Program Files\Microsoft\jdk-11.0.12.7-hotspot\bin\msvcp140.dll
0x00007ffd39810000 - 0x00007ffd3a371000 	C:\Program Files\Microsoft\jdk-11.0.12.7-hotspot\bin\server\jvm.dll
0x00007ffe057a0000 - 0x00007ffe0584c000 	C:\WINDOWS\System32\ADVAPI32.dll
0x00007ffe06c00000 - 0x00007ffe06c9b000 	C:\WINDOWS\System32\sechost.dll
0x00007ffe06ac0000 - 0x00007ffe06bea000 	C:\WINDOWS\System32\RPCRT4.dll
0x00007ffe06e30000 - 0x00007ffe06e38000 	C:\WINDOWS\System32\PSAPI.DLL
0x00007ffdf2b90000 - 0x00007ffdf2b99000 	C:\WINDOWS\SYSTEM32\WSOCK32.dll
0x00007ffe06a50000 - 0x00007ffe06abb000 	C:\WINDOWS\System32\WS2_32.dll
0x00007ffde8360000 - 0x00007ffde8387000 	C:\WINDOWS\SYSTEM32\WINMM.dll
0x00007ffe01be0000 - 0x00007ffe01bea000 	C:\WINDOWS\SYSTEM32\VERSION.dll
0x00007ffe02cd0000 - 0x00007ffe02ce2000 	C:\WINDOWS\SYSTEM32\kernel.appcore.dll
0x00007ffdfd290000 - 0x00007ffdfd2a0000 	C:\Program Files\Microsoft\jdk-11.0.12.7-hotspot\bin\verify.dll
0x00007ffe04550000 - 0x00007ffe04734000 	C:\WINDOWS\SYSTEM32\DBGHELP.DLL
0x00007ffe04450000 - 0x00007ffe0447c000 	C:\WINDOWS\SYSTEM32\dbgcore.DLL
0x00007ffe04b90000 - 0x00007ffe04c12000 	C:\WINDOWS\System32\bcryptPrimitives.dll
0x00007ffdfd260000 - 0x00007ffdfd288000 	C:\Program Files\Microsoft\jdk-11.0.12.7-hotspot\bin\java.dll
0x00007ffdfd250000 - 0x00007ffdfd25a000 	C:\Program Files\Microsoft\jdk-11.0.12.7-hotspot\bin\jimage.dll
0x00007ffdef390000 - 0x00007ffdef3a7000 	C:\Program Files\Microsoft\jdk-11.0.12.7-hotspot\bin\zip.dll
0x00007ffe05850000 - 0x00007ffe05f94000 	C:\WINDOWS\System32\SHELL32.dll
0x00007ffe02520000 - 0x00007ffe02cb4000 	C:\WINDOWS\SYSTEM32\windows.storage.dll
0x00007ffe06e40000 - 0x00007ffe07195000 	C:\WINDOWS\System32\combase.dll
0x00007ffe03dd0000 - 0x00007ffe03dfe000 	C:\WINDOWS\SYSTEM32\Wldp.dll
0x00007ffe056c0000 - 0x00007ffe0576d000 	C:\WINDOWS\System32\SHCORE.dll
0x00007ffe072a0000 - 0x00007ffe072f5000 	C:\WINDOWS\System32\shlwapi.dll
0x00007ffe04a20000 - 0x00007ffe04a3f000 	C:\WINDOWS\SYSTEM32\profapi.dll
0x00007ffdef370000 - 0x00007ffdef389000 	C:\Program Files\Microsoft\jdk-11.0.12.7-hotspot\bin\net.dll
0x00007ffdf5cb0000 - 0x00007ffdf5dbc000 	C:\WINDOWS\SYSTEM32\WINHTTP.dll
0x00007ffe03b40000 - 0x00007ffe03baa000 	C:\WINDOWS\system32\mswsock.dll
0x00007ffdef350000 - 0x00007ffdef362000 	C:\Program Files\Microsoft\jdk-11.0.12.7-hotspot\bin\nio.dll

dbghelp: loaded successfully - version: 4.0.5 - missing functions: none
symbol engine: initialized successfully - sym options: 0x614 - pdb path: .;C:\Program Files\Microsoft\jdk-11.0.12.7-hotspot\bin;C:\WINDOWS\SYSTEM32;C:\Program Files\Avast Software\Avast;C:\WINDOWS\WinSxS\amd64_microsoft.windows.common-controls_6595b64144ccf1df_6.0.19041.1110_none_60b5254171f9507e;C:\Program Files\Microsoft\jdk-11.0.12.7-hotspot\bin\server

VM Arguments:
jvm_args: -Xmx1G 
java_command: com.android.tools.r8.D8 --debug --min-api 21 --output obj\Debug\120\android\bin\ --lib C:\Program Files (x86)\Android\android-sdk\platforms\android-31\android.jar obj\Debug\120\android\bin\classes.zip C:\Program Files\Microsoft Visual Studio\2022\Community\Common7\IDE\ReferenceAssemblies\Microsoft\Framework\MonoAndroid\v12.0\mono.android.jar C:\Program Files\Microsoft Visual Studio\2022\Community\MSBuild\Xamarin\Android\java_runtime_fastdev.jar C:\Program Files (x86)\Microsoft\Xamarin\NuGet\xamarin.google.guava.listenablefuture\1.0.0.2\buildTransitive\monoandroid50\guava-listenablefuture.jar C:\Users\Dom\.nuget\packages\xamarin.androidx.annotation\1.2.0.1\buildTransitive\monoandroid90\..\..\jar\androidx.annotation.annotation.jar C:\Users\Dom\.nuget\packages\xamarin.androidx.collection\1.1.0.8\buildTransitive\monoandroid90\..\..\jar\androidx.collection.collection.jar C:\Users\Dom\.nuget\packages\xamarin.androidx.lifecycle.common\2.3.1.1\buildTransitive\monoandroid90\..\..\jar\androidx.lifecycle.lifecycle-common.jar C:\Users\Dom\.nuget\packages\xamarin.androidx.arch.core.common\2.1.0.9\buildTransitive\monoandroid90\..\..\jar\androidx.arch.core.core-common.jar C:\Users\Dom\.nuget\packages\xamarin.androidx.constraintlayout.core\1.0.0\buildTransitive\monoandroid90\..\..\jar\androidx.constraintlayout.constraintlayout-core.jar C:\Users\Dom\.nuget\packages\xamarin.androidx.concurrent.futures\1.1.0.3\buildTransitive\monoandroid90\..\..\jar\androidx.concurrent.concurrent-futures.jar obj\Debug\120\lp\0\jl\formsviewgroup.jar obj\Debug\120\lp\100\jl\classes.jar obj\Debug\120\lp\101\jl\classes.jar obj\Debug\120\lp\103\jl\classes.jar obj\Debug\120\lp\58\jl\classes.jar obj\Debug\120\lp\59\jl\classes.jar obj\Debug\120\lp\60\jl\classes.jar obj\Debug\120\lp\61\jl\classes.jar obj\Debug\120\lp\62\jl\classes.jar obj\Debug\120\lp\63\jl\classes.jar obj\Debug\120\lp\64\jl\classes.jar obj\Debug\120\lp\65\jl\classes.jar obj\Debug\120\lp\66\jl\classes.jar obj\Debug\120\lp\67\jl
java_class_path (initial): C:\Program Files\Microsoft Visual Studio\2022\Community\MSBuild\Xamarin\Android\r8.jar
Launcher Type: SUN_STANDARD

[Global flags]
     intx CICompilerCount                          = 3                                         {product} {ergonomic}
     uint ConcGCThreads                            = 1                                         {product} {ergonomic}
     uint G1ConcRefinementThreads                  = 4                                         {product} {ergonomic}
   size_t G1HeapRegionSize                         = 1048576                                   {product} {ergonomic}
    uintx GCDrainStackTargetSize                   = 64                                        {product} {ergonomic}
   size_t InitialHeapSize                          = 134217728                                 {product} {ergonomic}
   size_t MarkStackSize                            = 4194304                                   {product} {ergonomic}
   size_t MaxHeapSize                              = 1073741824                                {product} {command line}
   size_t MaxNewSize                               = 643825664                                 {product} {ergonomic}
   size_t MinHeapDeltaBytes                        = 1048576                                   {product} {ergonomic}
    uintx NonNMethodCodeHeapSize                   = 5830732                                {pd product} {ergonomic}
    uintx NonProfiledCodeHeapSize                  = 122913754                              {pd product} {ergonomic}
    uintx ProfiledCodeHeapSize                     = 122913754                              {pd product} {ergonomic}
    uintx ReservedCodeCacheSize                    = 251658240                              {pd product} {ergonomic}
     bool SegmentedCodeCache                       = true                                      {product} {ergonomic}
     bool UseCompressedClassPointers               = true                                 {lp64_product} {ergonomic}
     bool UseCompressedOops                        = true                                 {lp64_product} {ergonomic}
     bool UseG1GC                                  = true                                      {product} {ergonomic}
     bool UseLargePagesIndividualAllocation        = false                                  {pd product} {ergonomic}

Logging:
Log output configuration:
 #0: stdout all=warning uptime,level,tags
 #1: stderr all=off uptime,level,tags

Environment Variables:
JAVA_HOME=C:\Program Files\Microsoft\jdk-11.0.12.7-hotspot
PATH=C:\Program Files\Microsoft\jdk-11.0.12.7-hotspot\bin;C:\Program Files (x86)\Intel\iCLS Client\;C:\Program Files\Intel\iCLS Client\;C:\Program Files\AdoptOpenJDK\jre-11.0.7.10-hotspot\bin;C:\Program Files\AdoptOpenJDK\jre-8.0.252.09-hotspot\bin;C:\Program Files (x86)\AdoptOpenJDK\jre-8.0.252.09-hotspot\bin;C:\WINDOWS\system32;C:\WINDOWS;C:\WINDOWS\System32\Wbem;C:\WINDOWS\System32\WindowsPowerShell\v1.0\;C:\WINDOWS\System32\OpenSSH\;C:\Program Files\Microsoft VS Code\bin;C:\Program Files\dotnet\;C:\Program Files\Microsoft SQL Server\130\Tools\Binn\;C:\Program Files\Microsoft SQL Server\Client SDK\ODBC\170\Tools\Binn\;C:\Program Files (x86)\Microsoft SQL Server\150\DTS\Binn\;C:\Program Files (x86)\Microsoft SQL Server\150\Tools\Binn\;C:\Program Files\Microsoft SQL Server\150\Tools\Binn\;C:\Program Files\Microsoft SQL Server\150\DTS\Binn\;C:\Program Files\Git\cmd;C:\Program Files (x86)\Intel\Intel(R) Management Engine Components\DAL;C:\Program Files\Intel\Intel(R) Management Engine Components\DAL;C:\Program Files (x86)\Intel\Intel(R) Management Engine Components\IPT;C:\Program Files\Intel\Intel(R) Management Engine Components\IPT;C:\Program Files\PuTTY\;C:\Program Files\Azure Data Studio\bin;C:\Program Files\Docker\Docker\resources\bin;C:\ProgramData\DockerDesktop\version-bin;C:\Program Files (x86)\dotnet\;C:\Users\Dom\AppData\Local\Microsoft\WindowsApps;C:\Users\Dom\AppData\Local\Programs\Microsoft VS Code Insiders\bin;C:\Users\Dom\.dotnet\tools;C:\Users\Dom\AppData\Local\GitHubDesktop\bin;C:\Users\Dom\.dotnet\tools;C:\Users\Dom\AppData\Local\Programs\mongosh\;C:\Program Files\Azure Data Studio\bin
USERNAME=Dom
OS=Windows_NT
PROCESSOR_IDENTIFIER=Intel64 Family 6 Model 58 Stepping 9, GenuineIntel



---------------  S Y S T E M  ---------------

OS: Windows 10 , 64 bit Build 19041 (10.0.19041.1348)
OS uptime: 3 days 22:21 hours
Hyper-V role detected

CPU:total 4 (initial active 4) (2 cores per cpu, 2 threads per core) family 6 model 58 stepping 9 microcode 0x21, cmov, cx8, fxsr, mmx, sse, sse2, sse3, ssse3, sse4.1, sse4.2, popcnt, avx, aes, clmul, erms, ht, tsc, tscinvbit, tscinv

Memory: 4k page, system-wide physical 8095M (999M free)
TotalPageFile size 12191M (AvailPageFile size 2636M)
current process WorkingSet (physical memory assigned to process): 288M, peak: 294M
current process commit charge ("private bytes"): 324M, peak: 331M

vm_info: OpenJDK 64-Bit Server VM (11.0.12+7) for windows-amd64 JRE (11.0.12+7), built on Jul 21 2021 15:41:43 by "" with unknown MS VC++:1916

END.
